npm verb cli C:\Program Files\nodejs\node.exe C:\Program Files\nodejs\node_modules\npm\bin\npm-cli.js
npm info using npm@9.5.1
npm info using node@v18.16.0
npm verb title npm install
npm verb argv "install" "--legacy-peer-deps" "--loglevel" "verbose"
npm verb logfile logs-max:10 dir:C:\Users\Usuario\AppData\Local\npm-cache\_logs\2023-05-10T15_28_57_611Z-
npm verb logfile C:\Users\Usuario\AppData\Local\npm-cache\_logs\2023-05-10T15_28_57_611Z-debug-0.log
npm http fetch GET 200 https://registry.npmjs.org/cypress 637ms (cache revalidated)
npm http fetch GET 200 https://registry.npmjs.org/typescript 98ms (cache revalidated)
npm http fetch GET 200 https://registry.npmjs.org/cypress-axe 445ms (cache revalidated)
npm http fetch GET 200 https://registry.npmjs.org/axe-core 93ms (cache revalidated)
npm http fetch GET 200 https://registry.npmjs.org/@types%2fnode 169ms (cache revalidated)
npm http fetch GET 200 https://registry.npmjs.org/commander 239ms (cache revalidated)
npm http fetch GET 200 https://registry.npmjs.org/buffer 253ms (cache revalidated)
npm http fetch GET 200 https://registry.npmjs.org/bluebird 271ms (cache revalidated)
npm http fetch GET 200 https://registry.npmjs.org/cli-cursor 274ms (cache revalidated)
npm http fetch GET 200 https://registry.npmjs.org/cachedir 276ms (cache revalidated)
npm http fetch GET 200 https://registry.npmjs.org/cli-table3 279ms (cache revalidated)
npm http fetch GET 200 https://registry.npmjs.org/chalk 283ms (cache revalidated)
npm http fetch GET 200 https://registry.npmjs.org/arch 291ms (cache revalidated)
npm http fetch GET 200 https://registry.npmjs.org/@types%2fsizzle 296ms (cache revalidated)
npm http fetch GET 200 https://registry.npmjs.org/dayjs 290ms (cache revalidated)
npm http fetch GET 200 https://registry.npmjs.org/common-tags 317ms (cache revalidated)
npm http fetch GET 200 https://registry.npmjs.org/enquirer 317ms (cache revalidated)
npm http fetch GET 200 https://registry.npmjs.org/extract-zip 322ms (cache revalidated)
npm http fetch GET 200 https://registry.npmjs.org/figures 326ms (cache revalidated)
npm http fetch GET 200 https://registry.npmjs.org/debug 333ms (cache revalidated)
npm http fetch GET 200 https://registry.npmjs.org/fs-extra 328ms (cache revalidated)
npm http fetch GET 200 https://registry.npmjs.org/executable 337ms (cache revalidated)
npm http fetch GET 200 https://registry.npmjs.org/is-ci 335ms (cache revalidated)
npm http fetch GET 200 https://registry.npmjs.org/execa 341ms (cache revalidated)
npm http fetch GET 200 https://registry.npmjs.org/check-more-types 361ms (cache revalidated)
npm http fetch GET 200 https://registry.npmjs.org/getos 354ms (cache revalidated)
npm http fetch GET 200 https://registry.npmjs.org/eventemitter2 378ms (cache revalidated)
npm http fetch GET 200 https://registry.npmjs.org/listr2 374ms (cache revalidated)
npm http fetch GET 200 https://registry.npmjs.org/log-symbols 384ms (cache revalidated)
npm http fetch GET 200 https://registry.npmjs.org/is-installed-globally 387ms (cache revalidated)
npm http fetch GET 200 https://registry.npmjs.org/lodash 385ms (cache revalidated)
npm http fetch GET 200 https://registry.npmjs.org/ospath 392ms (cache revalidated)
npm http fetch GET 200 https://registry.npmjs.org/minimist 397ms (cache revalidated)
npm http fetch GET 200 https://registry.npmjs.org/lazy-ass 409ms (cache revalidated)
npm http fetch GET 200 https://registry.npmjs.org/supports-color 404ms (cache revalidated)
npm http fetch GET 200 https://registry.npmjs.org/pretty-bytes 424ms (cache revalidated)
npm http fetch GET 200 https://registry.npmjs.org/semver 427ms (cache revalidated)
npm http fetch GET 200 https://registry.npmjs.org/tmp 426ms (cache revalidated)
npm http fetch GET 200 https://registry.npmjs.org/request-progress 442ms (cache revalidated)
npm http fetch GET 200 https://registry.npmjs.org/yauzl 439ms (cache revalidated)
npm http fetch GET 200 https://registry.npmjs.org/untildify 442ms (cache revalidated)
npm http fetch GET 200 https://registry.npmjs.org/proxy-from-env 459ms (cache revalidated)
npm http fetch GET 200 https://registry.npmjs.org/blob-util 646ms (cache revalidated)
npm http fetch GET 200 https://registry.npmjs.org/@types%2fsinonjs__fake-timers 1022ms (cache revalidated)
npm http fetch GET 200 https://registry.npmjs.org/@cypress%2fxvfb 1141ms (cache revalidated)
npm http fetch GET 200 https://registry.npmjs.org/@cypress%2frequest 1144ms (cache revalidated)
npm http fetch GET 200 https://registry.npmjs.org/isstream 175ms (cache revalidated)
npm http fetch GET 200 https://registry.npmjs.org/mime-types 181ms (cache revalidated)
npm http fetch GET 200 https://registry.npmjs.org/forever-agent 187ms (cache revalidated)
npm http fetch GET 200 https://registry.npmjs.org/ieee754 178ms (cache revalidated)
npm http fetch GET 200 https://registry.npmjs.org/tough-cookie 186ms (cache revalidated)
npm http fetch GET 200 https://registry.npmjs.org/combined-stream 194ms (cache revalidated)
npm http fetch GET 200 https://registry.npmjs.org/http-signature 193ms (cache revalidated)
npm http fetch GET 200 https://registry.npmjs.org/form-data 194ms (cache revalidated)
npm http fetch GET 200 https://registry.npmjs.org/json-stringify-safe 192ms (cache revalidated)
npm http fetch GET 200 https://registry.npmjs.org/aws-sign2 203ms (cache revalidated)
npm http fetch GET 200 https://registry.npmjs.org/qs 195ms (cache revalidated)
npm http fetch GET 200 https://registry.npmjs.org/aws4 207ms (cache revalidated)
npm http fetch GET 200 https://registry.npmjs.org/caseless 207ms (cache revalidated)
npm http fetch GET 200 https://registry.npmjs.org/is-typedarray 205ms (cache revalidated)
npm http fetch GET 200 https://registry.npmjs.org/extend 220ms (cache revalidated)
npm http fetch GET 200 https://registry.npmjs.org/performance-now 242ms (cache revalidated)
npm http fetch GET 200 https://registry.npmjs.org/lodash.once 239ms (cache revalidated)
npm http fetch GET 200 https://registry.npmjs.org/base64-js 240ms (cache revalidated)
npm http fetch GET 200 https://registry.npmjs.org/ms 234ms (cache revalidated)
npm http fetch GET 200 https://registry.npmjs.org/safe-buffer 249ms (cache revalidated)
npm http fetch GET 200 https://registry.npmjs.org/uuid 249ms (cache revalidated)
npm http fetch GET 200 https://registry.npmjs.org/merge-stream 239ms (cache revalidated)
npm http fetch GET 200 https://registry.npmjs.org/string-width 247ms (cache revalidated)
npm http fetch GET 200 https://registry.npmjs.org/tunnel-agent 256ms (cache revalidated)
npm http fetch GET 200 https://registry.npmjs.org/cross-spawn 252ms (cache revalidated)
npm http fetch GET 200 https://registry.npmjs.org/@colors%2fcolors 257ms (cache revalidated)
npm http fetch GET 200 https://registry.npmjs.org/ansi-styles 260ms (cache revalidated)
npm http fetch GET 200 https://registry.npmjs.org/restore-cursor 262ms (cache revalidated)
npm http fetch GET 200 https://registry.npmjs.org/signal-exit 279ms (cache revalidated)
npm http fetch GET 200 https://registry.npmjs.org/human-signals 289ms (cache revalidated)
npm http fetch GET 200 https://registry.npmjs.org/npm-run-path 291ms (cache revalidated)
npm http fetch GET 200 https://registry.npmjs.org/onetime 293ms (cache revalidated)
npm http fetch GET 200 https://registry.npmjs.org/pify 295ms (cache revalidated)
npm http fetch GET 200 https://registry.npmjs.org/escape-string-regexp 298ms (cache revalidated)
npm http fetch GET 200 https://registry.npmjs.org/is-stream 306ms (cache revalidated)
npm http fetch GET 200 https://registry.npmjs.org/strip-final-newline 306ms (cache revalidated)
npm http fetch GET 200 https://registry.npmjs.org/jsonfile 303ms (cache revalidated)
npm http fetch GET 200 https://registry.npmjs.org/get-stream 315ms (cache revalidated)
npm http fetch GET 200 https://registry.npmjs.org/universalify 323ms (cache revalidated)
npm http fetch GET 200 https://registry.npmjs.org/graceful-fs 330ms (cache revalidated)
npm http fetch GET 200 https://registry.npmjs.org/at-least-node 331ms (cache revalidated)
npm http fetch GET 200 https://registry.npmjs.org/@types%2fyauzl 338ms (cache revalidated)
npm http fetch GET 200 https://registry.npmjs.org/is-path-inside 341ms (cache revalidated)
npm http fetch GET 200 https://registry.npmjs.org/async 347ms (cache revalidated)
npm http fetch GET 200 https://registry.npmjs.org/cli-truncate 350ms (cache revalidated)
npm http fetch GET 200 https://registry.npmjs.org/p-map 350ms (cache revalidated)
npm http fetch GET 200 https://registry.npmjs.org/colorette 352ms (cache revalidated)
npm http fetch GET 200 https://registry.npmjs.org/through 356ms (cache revalidated)
npm http fetch GET 200 https://registry.npmjs.org/log-update 365ms (cache revalidated)
npm http fetch GET 200 https://registry.npmjs.org/ci-info 371ms (cache revalidated)
npm http fetch GET 200 https://registry.npmjs.org/rfdc 388ms (cache revalidated)
npm http fetch GET 200 https://registry.npmjs.org/wrap-ansi 391ms (cache revalidated)
npm http fetch GET 200 https://registry.npmjs.org/rxjs 393ms (cache revalidated)
npm http fetch GET 200 https://registry.npmjs.org/has-flag 397ms (cache revalidated)
npm http fetch GET 200 https://registry.npmjs.org/throttleit 405ms (cache revalidated)
npm http fetch GET 200 https://registry.npmjs.org/lru-cache 407ms (cache revalidated)
npm http fetch GET 200 https://registry.npmjs.org/fd-slicer 406ms (cache revalidated)
npm http fetch GET 200 https://registry.npmjs.org/rimraf 411ms (cache revalidated)
npm http fetch GET 200 https://registry.npmjs.org/is-unicode-supported 418ms (cache revalidated)
npm http fetch GET 200 https://registry.npmjs.org/buffer-crc32 414ms (cache revalidated)
npm http fetch GET 200 https://registry.npmjs.org/get-stream 441ms (cache revalidated)
npm http fetch GET 200 https://registry.npmjs.org/ansi-colors 605ms (cache revalidated)
npm http fetch GET 200 https://registry.npmjs.org/global-dirs 724ms (cache revalidated)
npm http fetch GET 200 https://registry.npmjs.org/psl 75ms (cache revalidated)
npm http fetch GET 200 https://registry.npmjs.org/sshpk 83ms (cache revalidated)
npm http fetch GET 200 https://registry.npmjs.org/side-channel 85ms (cache revalidated)
npm http fetch GET 200 https://registry.npmjs.org/mime-db 88ms (cache revalidated)
npm http fetch GET 200 https://registry.npmjs.org/jsprim 94ms (cache revalidated)
npm http fetch GET 200 https://registry.npmjs.org/punycode 95ms (cache revalidated)
npm http fetch GET 200 https://registry.npmjs.org/delayed-stream 104ms (cache revalidated)
npm http fetch GET 200 https://registry.npmjs.org/asynckit 166ms (cache revalidated)
npm http fetch GET 200 https://registry.npmjs.org/assert-plus 444ms (cache revalidated)
npm http fetch GET 200 https://registry.npmjs.org/color-convert 73ms (cache revalidated)
npm http fetch GET 200 https://registry.npmjs.org/color-name 77ms (cache revalidated)
npm http fetch GET 200 https://registry.npmjs.org/is-fullwidth-code-point 70ms (cache revalidated)
npm http fetch GET 200 https://registry.npmjs.org/emoji-regex 70ms (cache revalidated)
npm http fetch GET 200 https://registry.npmjs.org/strip-ansi 97ms (cache revalidated)
npm http fetch GET 200 https://registry.npmjs.org/path-key 80ms (cache revalidated)
npm http fetch GET 200 https://registry.npmjs.org/mimic-fn 78ms (cache revalidated)
npm http fetch GET 200 https://registry.npmjs.org/path-key 86ms (cache revalidated)
npm http fetch GET 200 https://registry.npmjs.org/shebang-command 89ms (cache revalidated)
npm http fetch GET 200 https://registry.npmjs.org/pump 91ms (cache revalidated)
npm http fetch GET 200 https://registry.npmjs.org/which 105ms (cache revalidated)
npm http fetch GET 200 https://registry.npmjs.org/shebang-regex 73ms (cache revalidated)
npm http fetch GET 200 https://registry.npmjs.org/isexe 91ms (cache revalidated)
npm http fetch GET 200 https://registry.npmjs.org/end-of-stream 82ms (cache revalidated)
npm http fetch GET 200 https://registry.npmjs.org/once 108ms (cache revalidated)
npm http fetch GET 200 https://registry.npmjs.org/dashdash 85ms (cache revalidated)
npm http fetch GET 200 https://registry.npmjs.org/tweetnacl 83ms (cache revalidated)
npm http fetch GET 200 https://registry.npmjs.org/asn1 93ms (cache revalidated)
npm http fetch GET 200 https://registry.npmjs.org/ecc-jsbn 91ms (cache revalidated)
npm http fetch GET 200 https://registry.npmjs.org/json-schema 98ms (cache revalidated)
npm http fetch GET 200 https://registry.npmjs.org/safer-buffer 97ms (cache revalidated)
npm http fetch GET 200 https://registry.npmjs.org/extsprintf 101ms (cache revalidated)
npm http fetch GET 200 https://registry.npmjs.org/getpass 97ms (cache revalidated)
npm http fetch GET 200 https://registry.npmjs.org/jsbn 98ms (cache revalidated)
npm http fetch GET 200 https://registry.npmjs.org/bcrypt-pbkdf 104ms (cache revalidated)
npm http fetch GET 200 https://registry.npmjs.org/verror 452ms (cache revalidated)
npm http fetch GET 200 https://registry.npmjs.org/ini 445ms (cache revalidated)
npm http fetch GET 200 https://registry.npmjs.org/core-util-is 81ms (cache revalidated)
npm http fetch GET 200 https://registry.npmjs.org/ansi-escapes 85ms (cache revalidated)
npm http fetch GET 200 https://registry.npmjs.org/aggregate-error 94ms (cache revalidated)
npm http fetch GET 200 https://registry.npmjs.org/slice-ansi 104ms (cache revalidated)
npm http fetch GET 200 https://registry.npmjs.org/tslib 111ms (cache revalidated)
npm http fetch GET 200 https://registry.npmjs.org/slice-ansi 182ms (cache revalidated)
npm http fetch GET 200 https://registry.npmjs.org/astral-regex 72ms (cache revalidated)
npm http fetch GET 200 https://registry.npmjs.org/type-fest 86ms (cache revalidated)
npm http fetch GET 200 https://registry.npmjs.org/indent-string 81ms (cache revalidated)
npm http fetch GET 200 https://registry.npmjs.org/clean-stack 82ms (cache revalidated)
npm http fetch GET 200 https://registry.npmjs.org/wrappy 69ms (cache revalidated)
npm http fetch GET 200 https://registry.npmjs.org/call-bind 73ms (cache revalidated)
npm http fetch GET 200 https://registry.npmjs.org/object-inspect 81ms (cache revalidated)
npm http fetch GET 200 https://registry.npmjs.org/get-intrinsic 83ms (cache revalidated)
npm http fetch GET 200 https://registry.npmjs.org/yallist 82ms (cache revalidated)
npm http fetch GET 200 https://registry.npmjs.org/has 71ms (cache revalidated)
npm http fetch GET 200 https://registry.npmjs.org/function-bind 74ms (cache revalidated)
npm http fetch GET 200 https://registry.npmjs.org/has-symbols 75ms (cache revalidated)
npm http fetch GET 200 https://registry.npmjs.org/ansi-regex 71ms (cache revalidated)
npm http fetch GET 200 https://registry.npmjs.org/glob 69ms (cache revalidated)
npm http fetch GET 200 https://registry.npmjs.org/path-is-absolute 73ms (cache revalidated)
npm http fetch GET 200 https://registry.npmjs.org/minimatch 78ms (cache revalidated)
npm http fetch GET 200 https://registry.npmjs.org/inflight 84ms (cache revalidated)
npm http fetch GET 200 https://registry.npmjs.org/inherits 87ms (cache revalidated)
npm http fetch GET 200 https://registry.npmjs.org/fs.realpath 93ms (cache revalidated)
npm http fetch GET 200 https://registry.npmjs.org/brace-expansion 78ms (cache revalidated)
npm http fetch GET 200 https://registry.npmjs.org/balanced-match 77ms (cache revalidated)
npm http fetch GET 200 https://registry.npmjs.org/concat-map 88ms (cache revalidated)
npm http fetch GET 200 https://registry.npmjs.org/pend 77ms (cache revalidated)
npm http fetch POST 200 https://registry.npmjs.org/-/npm/v1/security/advisories/bulk 429ms
npm info run cypress@12.12.0 postinstall node_modules/cypress node index.js --exec install
npm info run cypress@12.12.0 postinstall { code: 0, signal: null }

added 175 packages, and audited 176 packages in 12s

35 packages are looking for funding
  run `npm fund` for details

found 0 vulnerabilities
npm verb exit 0
npm info ok 
